# JRE version: Java(TM) SE Runtime Environment (17.0.2+8) (build 17.0.2+8-LTS-86)
# Java VM: Java HotSpot(TM) 64-Bit Server VM (17.0.2+8-LTS-86, mixed mode, sharing, tiered, compressed oops, compressed class ptrs, g1 gc, windows-amd64)
GC Precious Log:
 CPUs: 8 total, 8 available
 Memory: 7993M
 Large Page Support: Disabled
 NUMA Support: Disabled
 Compressed Oops: Enabled (32-bit)
 Heap Region Size: 1M
 Heap Min Capacity: 8M
 Heap Initial Capacity: 126M
 Heap Max Capacity: 512M
 Pre-touch: Disabled
 Parallel Workers: 8
 Concurrent Workers: 2
 Concurrent Refinement Workers: 8
 Periodic GC: Disabled
Heap:
 garbage-first heap   total 56320K, used 43488K [0x00000000e0000000, 0x0000000100000000)
  region size 1024K, 15 young (15360K), 3 survivors (3072K)
 Metaspace       used 59025K, committed 59456K, reserved 1105920K
  class space    used 8045K, committed 8256K, reserved 1048576K
GC Heap History (20 events):
Event: 20.039 GC heap before
{Heap before GC invocations=13 (full 0):
 garbage-first heap   total 55296K, used 41927K [0x00000000e0000000, 0x0000000100000000)
  region size 1024K, 21 young (21504K), 2 survivors (2048K)
 Metaspace       used 42780K, committed 43136K, reserved 1089536K
  class space    used 5775K, committed 5952K, reserved 1048576K
}
Event: 20.046 GC heap after
{Heap after GC invocations=14 (full 0):
 garbage-first heap   total 55296K, used 24397K [0x00000000e0000000, 0x0000000100000000)
  region size 1024K, 3 young (3072K), 3 survivors (3072K)
 Metaspace       used 42780K, committed 43136K, reserved 1089536K
  class space    used 5775K, committed 5952K, reserved 1048576K
}
Event: 20.888 GC heap before
{Heap before GC invocations=14 (full 0):
 garbage-first heap   total 55296K, used 41805K [0x00000000e0000000, 0x0000000100000000)
  region size 1024K, 21 young (21504K), 3 survivors (3072K)
 Metaspace       used 45097K, committed 45504K, reserved 1089536K
  class space    used 6080K, committed 6272K, reserved 1048576K
}
Event: 20.893 GC heap after
{Heap after GC invocations=15 (full 0):
 garbage-first heap   total 55296K, used 25463K [0x00000000e0000000, 0x0000000100000000)
  region size 1024K, 2 young (2048K), 2 survivors (2048K)
 Metaspace       used 45097K, committed 45504K, reserved 1089536K
  class space    used 6080K, committed 6272K, reserved 1048576K
}
Event: 22.215 GC heap before
{Heap before GC invocations=15 (full 0):
 garbage-first heap   total 55296K, used 41847K [0x00000000e0000000, 0x0000000100000000)
  region size 1024K, 19 young (19456K), 2 survivors (2048K)
 Metaspace       used 48848K, committed 49152K, reserved 1097728K
  class space    used 6674K, committed 6848K, reserved 1048576K
}
Event: 22.220 GC heap after
{Heap after GC invocations=16 (full 0):
 garbage-first heap   total 55296K, used 26035K [0x00000000e0000000, 0x0000000100000000)
  region size 1024K, 2 young (2048K), 2 survivors (2048K)
 Metaspace       used 48848K, committed 49152K, reserved 1097728K
  class space    used 6674K, committed 6848K, reserved 1048576K
}
Event: 23.391 GC heap before
{Heap before GC invocations=16 (full 0):
 garbage-first heap   total 55296K, used 43443K [0x00000000e0000000, 0x0000000100000000)
  region size 1024K, 20 young (20480K), 2 survivors (2048K)
 Metaspace       used 51163K, committed 51520K, reserved 1097728K
  class space    used 7011K, committed 7168K, reserved 1048576K
}
Event: 23.395 GC heap after
{Heap after GC invocations=17 (full 0):
 garbage-first heap   total 55296K, used 26644K [0x00000000e0000000, 0x0000000100000000)
  region size 1024K, 2 young (2048K), 2 survivors (2048K)
 Metaspace       used 51163K, committed 51520K, reserved 1097728K
  class space    used 7011K, committed 7168K, reserved 1048576K
}
Event: 24.454 GC heap before
{Heap before GC invocations=17 (full 0):
 garbage-first heap   total 55296K, used 44052K [0x00000000e0000000, 0x0000000100000000)
  region size 1024K, 19 young (19456K), 2 survivors (2048K)
 Metaspace       used 53413K, committed 53824K, reserved 1097728K
  class space    used 7291K, committed 7488K, reserved 1048576K
}
Event: 24.459 GC heap after
{Heap after GC invocations=18 (full 0):
 garbage-first heap   total 55296K, used 28107K [0x00000000e0000000, 0x0000000100000000)
  region size 1024K, 3 young (3072K), 3 survivors (3072K)
 Metaspace       used 53413K, committed 53824K, reserved 1097728K
  class space    used 7291K, committed 7488K, reserved 1048576K
}
Event: 25.315 GC heap before
{Heap before GC invocations=19 (full 0):
 garbage-first heap   total 55296K, used 43467K [0x00000000e0000000, 0x0000000100000000)
  region size 1024K, 19 young (19456K), 3 survivors (3072K)
 Metaspace       used 55549K, committed 55936K, reserved 1097728K
  class space    used 7590K, committed 7808K, reserved 1048576K
}
Event: 25.320 GC heap after
{Heap after GC invocations=20 (full 0):
 garbage-first heap   total 55296K, used 28890K [0x00000000e0000000, 0x0000000100000000)
  region size 1024K, 3 young (3072K), 3 survivors (3072K)
 Metaspace       used 55549K, committed 55936K, reserved 1097728K
  class space    used 7590K, committed 7808K, reserved 1048576K
}
Event: 25.912 GC heap before
{Heap before GC invocations=20 (full 0):
 garbage-first heap   total 55296K, used 44250K [0x00000000e0000000, 0x0000000100000000)
  region size 1024K, 18 young (18432K), 3 survivors (3072K)
 Metaspace       used 56437K, committed 56832K, reserved 1097728K
  class space    used 7706K, committed 7936K, reserved 1048576K
}
Event: 25.917 GC heap after
{Heap after GC invocations=21 (full 0):
 garbage-first heap   total 55296K, used 29677K [0x00000000e0000000, 0x0000000100000000)
  region size 1024K, 2 young (2048K), 2 survivors (2048K)
 Metaspace       used 56437K, committed 56832K, reserved 1097728K
  class space    used 7706K, committed 7936K, reserved 1048576K
}
Event: 26.572 GC heap before
{Heap before GC invocations=22 (full 0):
 garbage-first heap   total 56320K, used 45037K [0x00000000e0000000, 0x0000000100000000)
  region size 1024K, 17 young (17408K), 2 survivors (2048K)
 Metaspace       used 56551K, committed 56960K, reserved 1105920K
  class space    used 7713K, committed 7936K, reserved 1048576K
}
Event: 26.578 GC heap after
{Heap after GC invocations=23 (full 0):
 garbage-first heap   total 56320K, used 30092K [0x00000000e0000000, 0x0000000100000000)
  region size 1024K, 2 young (2048K), 2 survivors (2048K)
 Metaspace       used 56551K, committed 56960K, reserved 1105920K
  class space    used 7713K, committed 7936K, reserved 1048576K
}
Event: 28.311 GC heap before
{Heap before GC invocations=23 (full 0):
 garbage-first heap   total 56320K, used 46476K [0x00000000e0000000, 0x0000000100000000)
  region size 1024K, 18 young (18432K), 2 survivors (2048K)
 Metaspace       used 57402K, committed 57856K, reserved 1105920K
  class space    used 7813K, committed 8064K, reserved 1048576K
}
Event: 28.319 GC heap after
{Heap after GC invocations=24 (full 0):
 garbage-first heap   total 56320K, used 31036K [0x00000000e0000000, 0x0000000100000000)
  region size 1024K, 3 young (3072K), 3 survivors (3072K)
 Metaspace       used 57402K, committed 57856K, reserved 1105920K
  class space    used 7813K, committed 8064K, reserved 1048576K
}
Event: 29.956 GC heap before
{Heap before GC invocations=25 (full 0):
 garbage-first heap   total 56320K, used 45372K [0x00000000e0000000, 0x0000000100000000)
  region size 1024K, 17 young (17408K), 3 survivors (3072K)
 Metaspace       used 57980K, committed 58496K, reserved 1105920K
  class space    used 7887K, committed 8128K, reserved 1048576K
}
Event: 29.963 GC heap after
{Heap after GC invocations=26 (full 0):
 garbage-first heap   total 56320K, used 32224K [0x00000000e0000000, 0x0000000100000000)
  region size 1024K, 3 young (3072K), 3 survivors (3072K)
 Metaspace       used 57980K, committed 58496K, reserved 1105920K
  class space    used 7887K, committed 8128K, reserved 1048576K
}

